<?xml version="1.0" encoding="UTF-8"?>
<!-- Generated by org.testng.reporters.JUnitXMLReporter -->
<testsuite hostname="ST" name="Default test" tests="11" failures="0" timestamp="23 Jul 2021 19:24:13 GMT" time="17.873" errors="0">
  <testcase name="createBoardReq1" time="3.603" classname="cRUDWorkflow.trelloWorkflow"/>
  <testcase name="createListReq3" time="0.374" classname="cRUDWorkflow.trelloWorkflow"/>
  <testcase name="createListReq2" time="0.36" classname="cRUDWorkflow.trelloWorkflow"/>
  <testcase name="createListReq1" time="0.344" classname="cRUDWorkflow.trelloWorkflow"/>
  <testcase name="createListReq4" time="0.349" classname="cRUDWorkflow.trelloWorkflow"/>
  <testcase name="createCardToDoList" time="0.407" classname="cRUDWorkflow.trelloWorkflow"/>
  <testcase name="createCardDoingList" time="0.395" classname="cRUDWorkflow.trelloWorkflow"/>
  <testcase name="createCardDoneList" time="0.418" classname="cRUDWorkflow.trelloWorkflow"/>
  <testcase name="createCardBacklogList" time="5.486" classname="cRUDWorkflow.trelloWorkflow"/>
  <testcase name="createCardDone2List" time="5.422" classname="cRUDWorkflow.trelloWorkflow"/>
  <testcase name="deleteBoard" time="0.671" classname="cRUDWorkflow.trelloWorkflow"/>
</testsuite> <!-- Default test -->
